2021-09-17 23:10:09,726:INFO:get_data.py:Requested Params.yaml file is returned
2021-09-17 23:10:09,739:INFO:get_data.py:Requested DataSet file is returned
2021-09-17 23:10:39,656:INFO:get_data.py:Requested Params.yaml file is returned
2021-09-17 23:10:39,664:INFO:get_data.py:Requested Params.yaml file is returned
2021-09-17 23:10:39,671:INFO:get_data.py:Requested DataSet file is returned
2021-09-17 23:10:39,724:INFO:load_data.py:Given Dataset File file is saved in data/raw folders without spaces in headers
2021-09-17 23:10:55,875:INFO:get_data.py:Requested Params.yaml file is returned
2021-09-17 23:10:55,905:INFO:EDA.py:Missing column values in data set are handled
2021-09-17 23:10:55,914:INFO:get_data.py:Requested Params.yaml file is returned
2021-09-17 23:10:55,921:INFO:EDA.py:Independent features of the dataset has been normalized
2021-09-17 23:10:55,924:INFO:EDA.py:Scaler objected has been dumped to scaler.pkl pickle file
2021-09-17 23:11:07,648:INFO:get_data.py:Requested Params.yaml file is returned
2021-09-17 23:11:07,697:INFO:split_data.py:Data set has been splitted into train and test data
2021-09-17 23:11:22,752:INFO:get_data.py:Requested Params.yaml file is returned
2021-09-17 23:11:23,491:INFO:model_build.py:Linear Regression Model has been build using ElasticNet
2021-09-17 23:11:23,511:INFO:model_build.py:Build Model has saved to saved_models directory as model.joblib
2021-09-17 23:50:28,354:INFO:get_data.py:Requested Params.yaml file is returned
2021-09-17 23:50:28,359:INFO:get_data.py:Requested Params.yaml file is returned
2021-09-17 23:50:28,363:INFO:get_data.py:Requested DataSet file is returned
2021-09-17 23:50:28,372:INFO:load_data.py:Given Dataset File file is saved in data/raw folders without spaces in headers
2021-09-17 23:50:31,636:INFO:get_data.py:Requested Params.yaml file is returned
2021-09-17 23:50:31,646:INFO:EDA.py:Missing column values in data set are handled
2021-09-17 23:50:31,653:INFO:get_data.py:Requested Params.yaml file is returned
2021-09-17 23:50:31,660:INFO:EDA.py:Independent features of the dataset has been normalized
2021-09-17 23:50:31,661:INFO:EDA.py:Scaler objected has been dumped to scaler.pkl pickle file
2021-09-17 23:50:35,553:INFO:get_data.py:Requested Params.yaml file is returned
2021-09-17 23:50:36,157:INFO:model_build.py:Linear Regression Model has been build using ElasticNet
2021-09-17 23:50:36,161:INFO:model_build.py:Build Model has saved to saved_models directory as model.joblib
2021-09-18 00:06:56,887:INFO:get_data.py:Requested Params.yaml file is returned
2021-09-18 00:06:56,908:INFO:split_data.py:Data set has been splitted into train and test data
2021-09-18 00:07:00,335:INFO:get_data.py:Requested Params.yaml file is returned
2021-09-18 00:07:00,987:INFO:model_build.py:Linear Regression Model has been build using ElasticNet
2021-09-18 00:07:00,998:INFO:model_build.py:Build Model has saved to saved_models directory as model.joblib
2021-09-18 00:07:27,194:INFO:get_data.py:Requested Params.yaml file is returned
2021-09-18 00:07:27,219:INFO:split_data.py:Data set has been splitted into train and test data
2021-09-18 00:07:31,070:INFO:get_data.py:Requested Params.yaml file is returned
2021-09-18 00:07:31,791:INFO:model_build.py:Linear Regression Model has been build using ElasticNet
2021-09-18 00:07:31,796:INFO:model_build.py:Build Model has saved to saved_models directory as model.joblib
2021-09-18 00:07:47,772:INFO:get_data.py:Requested Params.yaml file is returned
2021-09-18 00:07:47,788:INFO:split_data.py:Data set has been splitted into train and test data
2021-09-18 00:07:51,792:INFO:get_data.py:Requested Params.yaml file is returned
2021-09-18 00:07:52,384:INFO:model_build.py:Linear Regression Model has been build using ElasticNet
2021-09-18 00:07:52,389:INFO:model_build.py:Build Model has saved to saved_models directory as model.joblib
2021-09-18 00:08:15,899:INFO:get_data.py:Requested Params.yaml file is returned
2021-09-18 00:08:15,924:INFO:split_data.py:Data set has been splitted into train and test data
2021-09-18 00:08:19,880:INFO:get_data.py:Requested Params.yaml file is returned
2021-09-18 00:08:20,911:INFO:model_build.py:Linear Regression Model has been build using ElasticNet
2021-09-18 00:08:20,916:INFO:model_build.py:Build Model has saved to saved_models directory as model.joblib
2021-09-18 00:08:44,274:INFO:get_data.py:Requested Params.yaml file is returned
2021-09-18 00:08:44,304:INFO:split_data.py:Data set has been splitted into train and test data
2021-09-18 00:08:47,648:INFO:get_data.py:Requested Params.yaml file is returned
2021-09-18 00:08:48,278:INFO:model_build.py:Linear Regression Model has been build using ElasticNet
2021-09-18 00:08:48,282:INFO:model_build.py:Build Model has saved to saved_models directory as model.joblib
2021-09-18 00:09:04,224:INFO:get_data.py:Requested Params.yaml file is returned
2021-09-18 00:09:04,816:INFO:model_build.py:Linear Regression Model has been build using ElasticNet
2021-09-18 00:09:04,821:INFO:model_build.py:Build Model has saved to saved_models directory as model.joblib
2021-09-18 23:49:01,703:INFO:get_data.py:Requested Params.yaml file is returned
2021-09-18 23:49:02,399:INFO:model_build.py:Linear Regression Model has been build using ElasticNet
2021-09-18 23:49:02,411:INFO:model_build.py:Build Model has saved to saved_models directory as model.joblib
2021-09-18 23:49:47,544:INFO:get_data.py:Requested Params.yaml file is returned
2021-09-18 23:49:48,024:INFO:model_build.py:Linear Regression Model has been build using ElasticNet
2021-09-18 23:49:48,029:INFO:model_build.py:Build Model has saved to saved_models directory as model.joblib
2021-09-18 23:50:00,440:INFO:get_data.py:Requested Params.yaml file is returned
2021-09-18 23:50:01,083:INFO:model_build.py:Linear Regression Model has been build using ElasticNet
2021-09-18 23:50:01,094:INFO:model_build.py:Build Model has saved to saved_models directory as model.joblib
2021-09-18 23:50:08,495:INFO:get_data.py:Requested Params.yaml file is returned
2021-09-18 23:50:09,112:INFO:model_build.py:Linear Regression Model has been build using ElasticNet
2021-09-18 23:50:09,117:INFO:model_build.py:Build Model has saved to saved_models directory as model.joblib
2021-09-19 13:30:45,695:INFO:get_data.py:Requested Params.yaml file is returned
2021-09-19 13:30:45,698:INFO:get_data.py:Requested Params.yaml file is returned
2021-09-19 13:30:45,711:INFO:get_data.py:Requested DataSet file is returned
2021-09-19 13:30:45,718:INFO:load_data.py:Given Dataset File file is saved in data/raw folders without spaces in headers
2021-09-19 13:30:47,779:INFO:get_data.py:Requested Params.yaml file is returned
2021-09-19 13:30:47,805:INFO:EDA.py:Missing column values in data set are handled
2021-09-19 13:30:47,808:INFO:get_data.py:Requested Params.yaml file is returned
2021-09-19 13:30:47,812:INFO:EDA.py:Independent features of the dataset has been normalized
2021-09-19 13:30:47,813:INFO:EDA.py:Scaler objected has been dumped to scaler.pkl pickle file
2021-09-19 13:30:49,776:INFO:get_data.py:Requested Params.yaml file is returned
2021-09-19 13:30:49,793:INFO:split_data.py:Data set has been splitted into train and test data
2021-09-19 13:30:52,439:INFO:get_data.py:Requested Params.yaml file is returned
2021-09-19 13:44:38,980:INFO:get_data.py:Requested Params.yaml file is returned
2021-09-19 13:48:44,908:INFO:get_data.py:Requested Params.yaml file is returned
2021-09-19 13:48:44,931:INFO:split_data.py:Data set has been splitted into train and test data
2021-09-19 13:48:50,073:INFO:get_data.py:Requested Params.yaml file is returned
2021-09-19 18:08:36,574:INFO:get_data.py:Requested Params.yaml file is returned
2021-09-19 19:18:15,458:INFO:get_data.py:Requested Params.yaml file is returned
2021-09-19 19:18:46,774:INFO:get_data.py:Requested Params.yaml file is returned
2021-09-19 19:31:28,628:INFO:get_data.py:Requested Params.yaml file is returned
2021-09-19 19:31:28,628:INFO:get_data.py:Requested Params.yaml file is returned
2021-09-19 19:34:04,546:INFO:get_data.py:Requested Params.yaml file is returned
2021-09-19 19:34:04,546:INFO:get_data.py:Requested Params.yaml file is returned
2021-09-19 19:37:39,819:INFO:get_data.py:Requested Params.yaml file is returned
2021-09-19 19:38:55,214:INFO:get_data.py:Requested Params.yaml file is returned
2021-09-19 19:39:25,744:INFO:get_data.py:Requested Params.yaml file is returned
2021-09-19 20:18:22,408:INFO:get_data.py:Requested Params.yaml file is returned
2021-09-19 20:19:21,699:INFO:get_data.py:Requested Params.yaml file is returned
2021-09-19 20:20:28,761:INFO:get_data.py:Requested Params.yaml file is returned
2021-09-19 20:21:13,024:INFO:get_data.py:Requested Params.yaml file is returned
2021-09-19 20:22:06,081:INFO:get_data.py:Requested Params.yaml file is returned
2021-09-19 20:22:54,975:INFO:get_data.py:Requested Params.yaml file is returned
2021-09-19 20:33:43,071:INFO:get_data.py:Requested Params.yaml file is returned
2021-09-19 20:45:33,634:INFO:get_data.py:Requested Params.yaml file is returned
2021-09-19 20:47:05,857:INFO:get_data.py:Requested Params.yaml file is returned
2021-09-19 20:48:43,245:INFO:get_data.py:Requested Params.yaml file is returned
2021-09-19 20:48:43,299:INFO:get_data.py:Requested DataSet file is returned
2021-09-19 22:09:03,334:INFO:get_data.py:Requested Params.yaml file is returned
2021-09-19 22:13:21,656:INFO:get_data.py:Requested Params.yaml file is returned
2021-09-19 22:14:33,005:INFO:get_data.py:Requested Params.yaml file is returned
2021-09-19 22:14:56,958:INFO:get_data.py:Requested Params.yaml file is returned
2021-09-19 22:15:11,830:INFO:get_data.py:Requested Params.yaml file is returned
2021-09-19 22:16:36,913:INFO:get_data.py:Requested Params.yaml file is returned
2021-09-19 22:16:54,733:INFO:get_data.py:Requested Params.yaml file is returned
2021-09-19 22:18:43,615:INFO:get_data.py:Requested Params.yaml file is returned
2021-09-19 22:19:10,842:INFO:get_data.py:Requested Params.yaml file is returned
2021-09-19 22:20:21,456:INFO:get_data.py:Requested Params.yaml file is returned
2021-09-19 22:22:14,126:INFO:get_data.py:Requested Params.yaml file is returned
2021-09-19 22:23:04,056:INFO:get_data.py:Requested Params.yaml file is returned
2021-09-19 22:23:25,498:INFO:get_data.py:Requested Params.yaml file is returned
2021-09-19 22:24:14,252:INFO:get_data.py:Requested Params.yaml file is returned
2021-09-19 22:25:04,934:INFO:get_data.py:Requested Params.yaml file is returned
2021-09-19 22:25:29,720:INFO:get_data.py:Requested Params.yaml file is returned
2021-09-19 22:25:44,872:INFO:get_data.py:Requested Params.yaml file is returned
2021-09-19 22:26:01,043:INFO:get_data.py:Requested Params.yaml file is returned
2021-09-19 22:27:00,174:INFO:get_data.py:Requested Params.yaml file is returned
2021-09-19 22:27:10,545:INFO:get_data.py:Requested Params.yaml file is returned
2021-09-19 22:27:40,326:INFO:get_data.py:Requested Params.yaml file is returned
2021-09-19 22:29:51,925:INFO:get_data.py:Requested Params.yaml file is returned
2021-09-19 22:30:54,972:INFO:get_data.py:Requested Params.yaml file is returned
2021-09-19 22:32:21,818:INFO:get_data.py:Requested Params.yaml file is returned
2021-09-19 22:32:33,996:INFO:get_data.py:Requested Params.yaml file is returned
2021-09-19 22:32:40,352:INFO:get_data.py:Requested Params.yaml file is returned
2021-09-19 22:33:06,237:INFO:get_data.py:Requested Params.yaml file is returned
2021-09-19 22:33:36,655:INFO:get_data.py:Requested Params.yaml file is returned
2021-09-19 22:34:03,413:INFO:get_data.py:Requested Params.yaml file is returned
2021-09-19 22:34:09,751:INFO:get_data.py:Requested Params.yaml file is returned
2021-09-19 22:34:31,245:INFO:get_data.py:Requested Params.yaml file is returned
2021-09-19 22:34:37,144:INFO:get_data.py:Requested Params.yaml file is returned
2021-09-19 22:34:42,495:INFO:get_data.py:Requested Params.yaml file is returned
2021-09-19 22:34:50,780:INFO:get_data.py:Requested Params.yaml file is returned
2021-09-19 22:34:58,267:INFO:get_data.py:Requested Params.yaml file is returned
2021-09-19 22:35:05,789:INFO:get_data.py:Requested Params.yaml file is returned
2021-09-19 22:35:21,034:INFO:get_data.py:Requested Params.yaml file is returned
2021-09-19 22:36:28,212:INFO:get_data.py:Requested Params.yaml file is returned
2021-09-19 22:36:34,899:INFO:get_data.py:Requested Params.yaml file is returned
2021-09-19 22:36:45,085:INFO:get_data.py:Requested Params.yaml file is returned
2021-09-19 22:38:11,743:INFO:get_data.py:Requested Params.yaml file is returned
2021-09-19 22:39:56,424:INFO:get_data.py:Requested Params.yaml file is returned
2021-09-19 22:41:16,689:INFO:get_data.py:Requested Params.yaml file is returned
2021-09-19 22:41:57,099:INFO:get_data.py:Requested Params.yaml file is returned
2021-09-19 22:43:00,037:INFO:get_data.py:Requested Params.yaml file is returned
2021-09-19 22:43:14,451:INFO:get_data.py:Requested Params.yaml file is returned
2021-09-19 22:43:37,583:INFO:get_data.py:Requested Params.yaml file is returned
2021-09-19 22:43:57,622:INFO:get_data.py:Requested Params.yaml file is returned
2021-09-19 22:44:11,695:INFO:get_data.py:Requested Params.yaml file is returned
2021-09-19 22:45:27,037:INFO:get_data.py:Requested Params.yaml file is returned
2021-09-19 22:45:52,712:INFO:get_data.py:Requested Params.yaml file is returned
2021-09-19 22:46:45,643:INFO:get_data.py:Requested Params.yaml file is returned
2021-09-19 22:48:45,268:INFO:get_data.py:Requested Params.yaml file is returned
2021-09-19 22:49:31,841:INFO:get_data.py:Requested Params.yaml file is returned
2021-09-19 22:49:31,916:INFO:split_data.py:Data set has been splitted into train and test data
2021-09-19 22:49:38,005:INFO:get_data.py:Requested Params.yaml file is returned
2021-09-19 22:49:51,128:INFO:get_data.py:Requested Params.yaml file is returned
2021-09-19 22:51:08,232:INFO:get_data.py:Requested Params.yaml file is returned
2021-09-19 22:51:08,246:INFO:split_data.py:Data set has been splitted into train and test data
2021-09-19 22:51:13,872:INFO:get_data.py:Requested Params.yaml file is returned
